2024-12-14 12:14:02, 0.69215, 0.48392710089683532715, 0.01271260343492031097, 0.03540337830781936646, 0.73860335350036621094
2024-12-14 12:14:03, 0.69535, 0.46235045790672302246, 0.06139411032199859619, 0.00000000000000000000, 0.49453514814376831055
2024-12-14 12:14:04, 0.68514, 0.48883336782455444336, 0.06297072768211364746, 0.08653405308723449707, 0.80978578329086303711
2024-12-14 12:14:05, 0.68524, 0.46191272139549255371, 0.06693476438522338867, 0.02732345834374427795, 0.63806486129760742188
2024-12-14 12:14:06, 0.68410, 0.46320134401321411133, 0.05919038876891136169, 0.04735769703984260559, 0.64306253194808959961
2024-12-14 12:14:07, 0.68279, 0.48480695486068725586, 0.05565578863024711609, 0.23066695034503936768, 0.99672311544418334961
2024-12-14 12:14:07, 0.68043, 0.47578030824661254883, 0.07262399792671203613, 0.01108686346560716629, 0.64559262990951538086
2024-12-14 12:14:08, 0.68175, 0.46703496575355529785, 0.07318395376205444336, 0.06648021936416625977, 0.89989781379699707031
2024-12-14 12:14:09, 0.68119, 0.45760512351989746094, 0.07712831348180770874, 0.00811740756034851074, 0.67318886518478393555
2024-12-14 12:14:10, 0.68480, 0.47963172197341918945, 0.04944000020623207092, 0.26271799206733703613, 0.99996089935302734375
2024-12-14 12:14:22, 0.68058, 0.49160254001617431641, 0.07387204468250274658, 0.07428657263517379761, 0.85327941179275512695
2024-12-14 12:14:23, 0.68184, 0.47594073414802551270, 0.07727202028036117554, 0.05478959530591964722, 0.96744978427886962891
2024-12-14 12:14:23, 0.68065, 0.47796621918678283691, 0.07372588664293289185, 0.11661931127309799194, 0.88732630014419555664
2024-12-14 12:14:24, 0.67949, 0.47326603531837463379, 0.07789454609155654907, 0.09659690409898757935, 0.72273623943328857422
2024-12-14 12:14:25, 0.68211, 0.47035706043243408203, 0.05409249290823936462, 0.05787942185997962952, 0.56789904832839965820
2024-12-14 12:14:26, 0.67971, 0.45611056685447692871, 0.07300399988889694214, 0.00008195119880838320, 0.69350713491439819336
2024-12-14 12:14:27, 0.68041, 0.46129742264747619629, 0.08084683120250701904, 0.00000350338268617634, 0.57905918359756469727
2024-12-14 12:14:27, 0.68002, 0.49373149871826171875, 0.07293967157602310181, 0.00000168022165780712, 0.83943545818328857422
2024-12-14 12:14:28, 0.67879, 0.47315940260887145996, 0.06659491360187530518, 0.06350196152925491333, 0.83480864763259887695
2024-12-14 12:14:29, 0.67866, 0.45966702699661254883, 0.08190306276082992554, 0.10067898780107498169, 0.76739937067031860352
2024-12-14 12:14:41, 0.68683, 0.46367260813713073730, 0.07322578132152557373, 0.00000000000000000000, 0.51250320672988891602
2024-12-14 12:14:42, 0.68761, 0.48574307560920715332, 0.06912796944379806519, 0.00000000104112063415, 1.00000000000000000000
2024-12-14 12:14:43, 0.69864, 0.45559900999069213867, 0.06634455174207687378, 0.00000000000000000000, 1.00000000000000000000
2024-12-14 12:14:44, 0.68452, 0.46668776869773864746, 0.07389594614505767822, 0.00000000000000000000, 0.99985277652740478516
2024-12-14 12:14:44, 0.67920, 0.48300108313560485840, 0.07554803043603897095, 0.00006056690108380280, 0.53341573476791381836
2024-12-14 12:14:45, 0.69556, 0.45825567841529846191, 0.07678763568401336670, 0.00000000000000000000, 0.54896831512451171875
2024-12-14 12:14:46, 0.70406, 0.48754090070724487305, 0.06230343505740165710, 0.00000000000097415912, 1.00000000000000000000
2024-12-14 12:14:47, 0.68285, 0.45379704236984252930, 0.07287158071994781494, 0.12554191052913665771, 0.72439885139465332031
2024-12-14 12:14:48, 0.68698, 0.46808022260665893555, 0.06575351953506469727, 0.09384507685899734497, 1.00000000000000000000
2024-12-14 12:14:48, 0.75229, 0.43359553813934326172, 0.08962666988372802734, 0.09511324018239974976, 1.00000000000000000000
2024-12-14 12:15:00, 0.67855, 0.47008353471755981445, 0.08696474134922027588, 0.00065900891786441207, 0.73454934358596801758
2024-12-14 12:15:01, 0.68547, 0.47694242000579833984, 0.08203637599945068359, 0.07941663265228271484, 1.00000000000000000000
2024-12-14 12:15:02, 0.67723, 0.47149640321731567383, 0.08403927087783813477, 0.08802153170108795166, 0.73752206563949584961
2024-12-14 12:15:03, 0.67760, 0.47505137324333190918, 0.08093494176864624023, 0.04650001972913742065, 0.76370906829833984375
2024-12-14 12:15:04, 0.67689, 0.48086607456207275391, 0.08486827462911605835, 0.03335793688893318176, 0.77883672714233398438
2024-12-14 12:15:05, 0.67651, 0.47465696930885314941, 0.08689475804567337036, 0.03257694467902183533, 0.78244483470916748047
2024-12-14 12:15:05, 0.67670, 0.46472218632698059082, 0.08063052594661712646, 0.02704832330346107483, 0.65353757143020629883
2024-12-14 12:15:06, 0.67611, 0.47403234243392944336, 0.07982562482357025146, 0.02874982170760631561, 0.72090739011764526367
2024-12-14 12:15:07, 0.67680, 0.46435916423797607422, 0.08105896413326263428, 0.02411247417330741882, 0.64958769083023071289
2024-12-14 12:15:08, 0.67595, 0.46763053536415100098, 0.08548986911773681641, 0.02281303517520427704, 0.71236413717269897461
2024-12-14 12:15:20, 0.67888, 0.48814722895622253418, 0.07733910530805587769, 0.03294230625033378601, 0.66647058725357055664
2024-12-14 12:15:21, 0.67882, 0.47508898377418518066, 0.07818741351366043091, 0.08262755721807479858, 0.76831138134002685547
2024-12-14 12:15:21, 0.67830, 0.47163480520248413086, 0.08063153922557830811, 0.04038718342781066895, 0.71488010883331298828
2024-12-14 12:15:22, 0.67834, 0.47510513663291931152, 0.07896646857261657715, 0.04793077334761619568, 0.66457265615463256836
2024-12-14 12:15:23, 0.67823, 0.47135829925537109375, 0.08002873510122299194, 0.04553676769137382507, 0.69085997343063354492
2024-12-14 12:15:24, 0.67814, 0.49341100454330444336, 0.08050285279750823975, 0.04424018412828445435, 0.72718948125839233398
2024-12-14 12:15:25, 0.67766, 0.48471781611442565918, 0.08435168117284774780, 0.02599831484258174896, 0.72149342298507690430
2024-12-14 12:15:26, 0.67758, 0.48082861304283142090, 0.08291993290185928345, 0.06512212008237838745, 0.70547521114349365234
2024-12-14 12:15:27, 0.67725, 0.47071135044097900391, 0.08125855028629302979, 0.04433875903487205505, 0.69512498378753662109
2024-12-14 12:15:27, 0.67824, 0.46352487802505493164, 0.08654529601335525513, 0.05064096674323081970, 0.69000029563903808594
2024-12-14 12:15:40, 0.67888, 0.48070806264877319336, 0.07385212928056716919, 0.09255211800336837769, 0.68824559450149536133
2024-12-14 12:15:40, 0.67937, 0.47784528136253356934, 0.08082291483879089355, 0.07474185526371002197, 0.67074036598205566406
2024-12-14 12:15:41, 0.67889, 0.47055301070213317871, 0.07138752937316894531, 0.07628523558378219604, 0.71693593263626098633
2024-12-14 12:15:42, 0.67822, 0.47780027985572814941, 0.08169840276241302490, 0.07206445187330245972, 0.70040959119796752930
2024-12-14 12:15:43, 0.67809, 0.47833424806594848633, 0.08053950965404510498, 0.00000221366508412757, 0.74794924259185791016
2024-12-14 12:15:44, 0.67789, 0.48148393630981445312, 0.07954720407724380493, 0.05769655480980873108, 0.70993512868881225586
2024-12-14 12:15:45, 0.67809, 0.47695535421371459961, 0.08305311203002929688, 0.06189281865954399109, 0.96221119165420532227
2024-12-14 12:15:46, 0.67733, 0.48071381449699401855, 0.08248937129974365234, 0.06030982732772827148, 0.72565811872482299805
2024-12-14 12:15:46, 0.67714, 0.47424480319023132324, 0.08403310924768447876, 0.05683456361293792725, 0.70755618810653686523
2024-12-14 12:15:47, 0.67728, 0.47549962997436523438, 0.08605118840932846069, 0.06872129440307617188, 0.74092692136764526367
2024-12-14 12:15:59, 0.67783, 0.48523148894309997559, 0.07913152128458023071, 0.11133185029029846191, 0.73677390813827514648
2024-12-14 12:16:00, 0.67715, 0.47227942943572998047, 0.08339240401983261108, 0.08055677264928817749, 0.70982968807220458984
2024-12-14 12:16:01, 0.67720, 0.48132905364036560059, 0.08075923472642898560, 0.07213589549064636230, 0.71340775489807128906
2024-12-14 12:16:02, 0.67749, 0.47099021077156066895, 0.07207279652357101440, 0.06400744616985321045, 0.76841819286346435547
2024-12-14 12:16:02, 0.67773, 0.46350967884063720703, 0.08568238466978073120, 0.05171950161457061768, 0.95387655496597290039
2024-12-14 12:16:03, 0.67611, 0.47582563757896423340, 0.08260778337717056274, 0.04377625137567520142, 0.72286421060562133789
2024-12-14 12:16:04, 0.67602, 0.47245791554450988770, 0.08333725482225418091, 0.03132305666804313660, 0.80218631029129028320
2024-12-14 12:16:05, 0.67677, 0.49473071098327636719, 0.08126391470432281494, 0.04910188168287277222, 0.83790200948715209961
2024-12-14 12:16:06, 0.67606, 0.48249292373657226562, 0.08114255219697952271, 0.06619464606046676636, 0.77804082632064819336
2024-12-14 12:16:06, 0.67612, 0.47496849298477172852, 0.08350188285112380981, 0.05746828764677047729, 0.98130625486373901367
2024-12-14 12:16:19, 0.67850, 0.47959071397781372070, 0.07655802369117736816, 0.11065048724412918091, 0.71349292993545532227
2024-12-14 12:16:20, 0.67826, 0.47311598062515258789, 0.07624716311693191528, 0.08479616791009902954, 0.73966699838638305664
2024-12-14 12:16:21, 0.67796, 0.47397965192794799805, 0.07999417185783386230, 0.06926225125789642334, 0.79334980249404907227
2024-12-14 12:16:22, 0.67798, 0.47638252377510070801, 0.07610209286212921143, 0.05956827104091644287, 0.83619910478591918945
2024-12-14 12:16:23, 0.67698, 0.48026531934738159180, 0.08122705668210983276, 0.07917284220457077026, 0.74122256040573120117
2024-12-14 12:16:23, 0.68126, 0.47701957821846008301, 0.07894304394721984863, 0.05854111164808273315, 1.00000000000000000000
2024-12-14 12:16:24, 0.67795, 0.48462846875190734863, 0.07719739526510238647, 0.03337165340781211853, 0.83177918195724487305
2024-12-14 12:16:25, 0.67714, 0.47681510448455810547, 0.08202123641967773438, 0.03826342895627021790, 0.79562389850616455078
2024-12-14 12:16:26, 0.67687, 0.48006290197372436523, 0.07927947491407394409, 0.04243526607751846313, 0.74990773200988769531
2024-12-14 12:16:27, 0.67723, 0.46272605657577514648, 0.08032760024070739746, 0.05133839696645736694, 0.77155005931854248047
2024-12-14 12:16:39, 0.67880, 0.48312595486640930176, 0.07828570902347564697, 0.10566560178995132446, 0.96659475564956665039
2024-12-14 12:16:39, 0.67754, 0.48069360852241516113, 0.07923873513936996460, 0.09849850088357925415, 0.81047832965850830078
2024-12-14 12:16:40, 0.67746, 0.47510787844657897949, 0.08285733312368392944, 0.06486753374338150024, 0.84073269367218017578
2024-12-14 12:16:41, 0.67705, 0.47677284479141235352, 0.08684802055358886719, 0.06031304225325584412, 0.84805870056152343750
2024-12-14 12:16:42, 0.67725, 0.48168885707855224609, 0.08398609608411788940, 0.07445869594812393188, 0.83204567432403564453
2024-12-14 12:16:43, 0.67818, 0.48747101426124572754, 0.08125086128711700439, 0.08716532588005065918, 0.93446999788284301758
2024-12-14 12:16:44, 0.67669, 0.47767573595046997070, 0.08779094368219375610, 0.00027045156457461417, 0.77218997478485107422
2024-12-14 12:16:44, 0.67774, 0.48320728540420532227, 0.08217457681894302368, 0.07627160847187042236, 0.71457165479660034180
2024-12-14 12:16:45, 0.67677, 0.47193047404289245605, 0.08104399591684341431, 0.01233939453959465027, 0.72425717115402221680
2024-12-14 12:16:46, 0.67624, 0.47791448235511779785, 0.08118193596601486206, 0.00770529499277472496, 0.73048168420791625977
2024-12-14 12:16:58, 0.67949, 0.48195198178291320801, 0.07840035110712051392, 0.05287196859717369080, 0.81819218397140502930
2024-12-14 12:16:59, 0.67957, 0.48098903894424438477, 0.07453530281782150269, 0.03583448007702827454, 0.77338641881942749023
2024-12-14 12:17:00, 0.67937, 0.47219088673591613770, 0.07335466146469116211, 0.05467684939503669739, 0.92109143733978271484
2024-12-14 12:17:00, 0.67920, 0.48537871241569519043, 0.07831861823797225952, 0.02864226698875427246, 0.70335835218429565430
2024-12-14 12:17:01, 0.67901, 0.47099170088768005371, 0.07557533681392669678, 0.05233317241072654724, 0.69584476947784423828
2024-12-14 12:17:02, 0.67867, 0.48087161779403686523, 0.08060657978057861328, 0.04146270081400871277, 0.73269057273864746094
2024-12-14 12:17:03, 0.67849, 0.48446598649024963379, 0.08312265574932098389, 0.03763888403773307800, 0.74233907461166381836
2024-12-14 12:17:04, 0.67881, 0.47817602753639221191, 0.07548571377992630005, 0.00112337025348097086, 0.68972545862197875977
2024-12-14 12:17:05, 0.67893, 0.47824424505233764648, 0.07448063045740127563, 0.04632436111569404602, 0.66462045907974243164
2024-12-14 12:17:05, 0.67817, 0.47653880715370178223, 0.07961999624967575073, 0.03114319778978824615, 0.69659352302551269531
2024-12-14 12:17:18, 0.67836, 0.48150137066841125488, 0.07354851067066192627, 0.06761921197175979614, 0.99718284606933593750
2024-12-14 12:17:19, 0.67766, 0.48157989978790283203, 0.07674133777618408203, 0.06106570735573768616, 0.70169442892074584961
2024-12-14 12:17:20, 0.67743, 0.48426911234855651855, 0.08201598376035690308, 0.01620764471590518951, 0.79354131221771240234
2024-12-14 12:17:21, 0.67721, 0.48061263561248779297, 0.08292634040117263794, 0.02896780520677566528, 0.71646237373352050781
2024-12-14 12:17:22, 0.67686, 0.46819770336151123047, 0.08261846750974655151, 0.04979354515671730042, 0.72942680120468139648
2024-12-14 12:17:22, 0.67710, 0.48649695515632629395, 0.08151441067457199097, 0.02956458181142807007, 0.72355318069458007812
2024-12-14 12:17:23, 0.67651, 0.48445746302604675293, 0.08192609995603561401, 0.02952135168015956879, 0.93774026632308959961
2024-12-14 12:17:24, 0.67632, 0.47425317764282226562, 0.08051646500825881958, 0.01386181078851222992, 0.73917609453201293945
2024-12-14 12:17:25, 0.67622, 0.48303830623626708984, 0.08132481575012207031, 0.02740006335079669952, 0.75422018766403198242
2024-12-14 12:17:26, 0.67596, 0.47980305552482604980, 0.08272744715213775635, 0.02282555587589740753, 0.98321139812469482422
2024-12-14 12:17:38, 0.67681, 0.47473496198654174805, 0.07969177514314651489, 0.03813617676496505737, 0.71866369247436523438
2024-12-14 12:32:24, 0.69173, 0.49000319838523864746, 0.02368641085922718048, 0.12482269108295440674, 0.50986087322235107422
2024-12-14 12:32:25, 0.69151, 0.48988297581672668457, 0.02760812081396579742, 0.11992955207824707031, 0.53674674034118652344
2024-12-14 12:32:26, 0.69135, 0.49235522747039794922, 0.02822634391486644745, 0.12147489190101623535, 0.59736651182174682617
2024-12-14 12:32:27, 0.69128, 0.48733454942703247070, 0.02953082509338855743, 0.11278495937585830688, 0.57302933931350708008
2024-12-14 12:32:28, 0.69106, 0.49280583858489990234, 0.02701059728860855103, 0.10955610871315002441, 0.51355981826782226562
2024-12-14 12:32:29, 0.69102, 0.48452129960060119629, 0.03039064072072505951, 0.08485160768032073975, 0.51411575078964233398
2024-12-14 12:32:29, 0.69097, 0.48956087231636047363, 0.02741138823330402374, 0.08368024230003356934, 0.51223111152648925781
2024-12-14 12:32:30, 0.69080, 0.49243691563606262207, 0.02811328880488872528, 0.02307970263063907623, 0.54287254810333251953
2024-12-14 12:32:31, 0.69072, 0.49006414413452148438, 0.03395618870854377747, 0.06614538282155990601, 0.55017447471618652344
2024-12-14 12:32:32, 0.69056, 0.48704579472541809082, 0.03095493651926517487, 0.08269356936216354370, 0.54148465394973754883
2024-12-14 12:32:47, 0.69160, 0.49335327744483947754, 0.02461957558989524841, 0.16223917901515960693, 0.86787801980972290039
2024-12-14 12:32:47, 0.69123, 0.49623721837997436523, 0.02733381092548370361, 0.13467797636985778809, 0.51774036884307861328
2024-12-14 12:32:48, 0.69098, 0.49221029877662658691, 0.02929200232028961182, 0.10931266099214553833, 0.51957672834396362305
2024-12-14 12:32:49, 0.69086, 0.49243879318237304688, 0.03040378354489803314, 0.10854175686836242676, 0.51672106981277465820
2024-12-14 12:32:50, 0.69075, 0.48972487449645996094, 0.02930866926908493042, 0.06196088716387748718, 0.51494854688644409180
2024-12-14 12:32:51, 0.69063, 0.49274125695228576660, 0.03299746662378311157, 0.09058879315853118896, 0.54738146066665649414
2024-12-14 12:32:52, 0.69063, 0.49283331632614135742, 0.03103556483983993530, 0.11300625652074813843, 0.51425242424011230469
2024-12-14 12:32:53, 0.69042, 0.49091041088104248047, 0.03354013711214065552, 0.08393520861864089966, 0.52032399177551269531
2024-12-14 12:32:53, 0.69050, 0.48771825432777404785, 0.03801258653402328491, 0.06841781735420227051, 0.52651411294937133789
2024-12-14 12:32:54, 0.69028, 0.49486178159713745117, 0.03325891494750976562, 0.07409796118736267090, 0.53072953224182128906
2024-12-14 12:33:07, 0.69165, 0.49571880698204040527, 0.02857290580868721008, 0.08531694114208221436, 0.51427227258682250977
2024-12-14 12:33:07, 0.69130, 0.49151521921157836914, 0.02594750560820102692, 0.10277856141328811646, 0.51483213901519775391
2024-12-14 12:33:08, 0.69121, 0.49121865630149841309, 0.02698510140180587769, 0.11045960336923599243, 0.51695787906646728516
2024-12-14 12:33:09, 0.69100, 0.48994225263595581055, 0.03032770380377769470, 0.07667564600706100464, 0.51821446418762207031
2024-12-14 12:33:10, 0.69077, 0.48986324667930603027, 0.02959365211427211761, 0.05217816308140754700, 0.51868194341659545898
2024-12-14 12:33:11, 0.69269, 0.48876646161079406738, 0.03131349384784698486, 0.00000000000000000000, 0.51930099725723266602
2024-12-14 12:33:12, 0.69078, 0.48457431793212890625, 0.03413267433643341064, 0.03790566697716712952, 0.51954489946365356445
2024-12-14 12:33:12, 0.69066, 0.48767173290252685547, 0.03389193490147590637, 0.03497061878442764282, 0.51988571882247924805
2024-12-14 12:33:13, 0.69050, 0.49221590161323547363, 0.02981570921838283539, 0.04461599513888359070, 0.52113234996795654297
2024-12-14 12:33:14, 0.69032, 0.48917207121849060059, 0.03587384521961212158, 0.00168912182562053204, 0.52225387096405029297
2024-12-14 12:33:27, 0.69150, 0.49193519353866577148, 0.02481458708643913269, 0.09520807117223739624, 0.52056539058685302734
2024-12-14 12:33:27, 0.69137, 0.48916363716125488281, 0.02579704485833644867, 0.10368809849023818970, 0.52071845531463623047
2024-12-14 12:33:28, 0.69137, 0.49488309025764465332, 0.02803206257522106171, 0.10069242119789123535, 0.52310138940811157227
2024-12-14 12:33:29, 0.69125, 0.49229192733764648438, 0.02860994078218936920, 0.17481523752212524414, 0.55441272258758544922
2024-12-14 12:33:30, 0.69088, 0.48879209160804748535, 0.03121325746178627014, 0.11140720546245574951, 0.52161335945129394531
2024-12-14 12:33:31, 0.69079, 0.48984074592590332031, 0.02767292223870754242, 0.10070992261171340942, 0.52192687988281250000
2024-12-14 12:33:31, 0.69086, 0.48473972082138061523, 0.03194792568683624268, 0.08322931826114654541, 0.52236998081207275391
2024-12-14 12:33:32, 0.69083, 0.49183452129364013672, 0.02809685841202735901, 0.13935776054859161377, 0.52290856838226318359
2024-12-14 12:33:33, 0.69097, 0.49160134792327880859, 0.03425204381346702576, 0.09532264620065689087, 0.52362400293350219727
2024-12-14 12:33:34, 0.69054, 0.49157580733299255371, 0.03162213042378425598, 0.16702540218830108643, 0.52447766065597534180
2024-12-14 12:33:47, 0.69153, 0.49325922131538391113, 0.02423818781971931458, 0.07463502138853073120, 0.52362638711929321289
2024-12-14 12:33:48, 0.69127, 0.48789048194885253906, 0.02611334435641765594, 0.21045161783695220947, 0.52369999885559082031
2024-12-14 12:33:49, 0.69109, 0.49312722682952880859, 0.02937963418662548065, 0.16629323363304138184, 0.52383476495742797852
2024-12-14 12:33:49, 0.69090, 0.49557903409004211426, 0.02739486284554004669, 0.17485564947128295898, 0.52439922094345092773
2024-12-14 12:33:50, 0.69081, 0.48456192016601562500, 0.03301319852471351624, 0.08697826415300369263, 0.52426320314407348633
2024-12-14 12:33:51, 0.69062, 0.48858785629272460938, 0.03261188417673110962, 0.02030918933451175690, 0.52504199743270874023
2024-12-14 12:33:52, 0.69064, 0.49078133702278137207, 0.03130254149436950684, 0.11199918389320373535, 0.52524501085281372070
2024-12-14 12:33:53, 0.69066, 0.48828953504562377930, 0.03713458031415939331, 0.00013410532847046852, 0.52574062347412109375
2024-12-14 12:33:53, 0.69066, 0.49596598744392395020, 0.02972988970577716827, 0.12974926829338073730, 0.52586615085601806641
2024-12-14 12:33:54, 0.69044, 0.49401155114173889160, 0.03148991987109184265, 0.05245646089315414429, 0.52668678760528564453
2024-12-14 12:34:07, 0.68881, 0.48612406849861145020, 0.04121336340904235840, 0.21986593306064605713, 0.52560502290725708008
2024-12-14 12:34:07, 0.68853, 0.48475274443626403809, 0.03890955075621604919, 0.17882166802883148193, 0.52668786048889160156
2024-12-14 12:34:08, 0.68814, 0.48172992467880249023, 0.04899901896715164185, 0.17686706781387329102, 0.52838319540023803711
2024-12-14 12:34:09, 0.68769, 0.48976764082908630371, 0.04695203900337219238, 0.14028762280941009521, 0.52939963340759277344
2024-12-14 12:34:10, 0.68752, 0.48502311110496520996, 0.05046651139855384827, 0.11940485984086990356, 0.52994608879089355469
2024-12-14 12:34:11, 0.68756, 0.47490510344505310059, 0.04693076387047767639, 0.10385771095752716064, 0.52971374988555908203
2024-12-14 12:34:12, 0.68709, 0.48389428853988647461, 0.05060193687677383423, 0.10931812971830368042, 0.54566037654876708984
2024-12-14 12:34:12, 0.68693, 0.47854924201965332031, 0.04829714447259902954, 0.11035415530204772949, 0.53275203704833984375
2024-12-14 12:34:13, 0.68676, 0.48446413874626159668, 0.05099671706557273865, 0.10237672179937362671, 0.53370296955108642578
2024-12-14 12:34:14, 0.68637, 0.48106485605239868164, 0.04846657440066337585, 0.10621187835931777954, 0.53461480140686035156
2024-12-14 12:34:27, 0.68811, 0.48443379998207092285, 0.04624716565012931824, 0.00000000056212690058, 0.53485941886901855469
2024-12-14 12:34:28, 0.68760, 0.48407790064811706543, 0.04326497018337249756, 0.05060360953211784363, 0.81631404161453247070
2024-12-14 12:34:28, 0.68706, 0.48696455359458923340, 0.04886887222528457642, 0.05409251153469085693, 0.53531533479690551758
2024-12-14 12:34:29, 0.68689, 0.49011346697807312012, 0.05292123928666114807, 0.00757368421182036400, 0.53648620843887329102
2024-12-14 12:34:30, 0.68685, 0.48024874925613403320, 0.05144541338086128235, 0.00713123288005590439, 0.53616946935653686523
2024-12-14 12:34:31, 0.68632, 0.48941338062286376953, 0.05257375538349151611, 0.00003963273047702387, 0.53665775060653686523
2024-12-14 12:34:32, 0.68604, 0.48608598113059997559, 0.05645410344004631042, 0.03076227009296417236, 0.58926898241043090820
2024-12-14 12:34:33, 0.68620, 0.48097407817840576172, 0.05910616368055343628, 0.00100051867775619030, 0.53757864236831665039
2024-12-14 12:34:33, 0.68644, 0.48316678404808044434, 0.05072404816746711731, 0.00000000000000000591, 0.53742480278015136719
2024-12-14 12:34:34, 0.68592, 0.47888976335525512695, 0.05486414954066276550, 0.00000000000476339367, 0.53769099712371826172
2024-12-14 12:34:48, 0.67756, 0.47732487320899963379, 0.07730194181203842163, 0.00123773282393813133, 0.53903645277023315430
2024-12-14 12:34:49, 0.67643, 0.47741961479187011719, 0.08431306481361389160, 0.00018660453497432172, 0.54351055622100830078
2024-12-14 12:34:50, 0.67624, 0.47886812686920166016, 0.08046759665012359619, 0.00000000000000000757, 0.54744940996170043945
2024-12-14 12:34:51, 0.67540, 0.47280609607696533203, 0.08523015677928924561, 0.00026312714908272028, 0.55072945356369018555
2024-12-14 12:34:51, 0.67498, 0.47147244215011596680, 0.08431991934776306152, 0.00007197658123914152, 0.55369770526885986328
2024-12-14 12:34:52, 0.67514, 0.47742375731468200684, 0.08247977495193481445, 0.00000038786558320680, 0.63712650537490844727
2024-12-14 12:34:53, 0.67514, 0.47392743825912475586, 0.09163272380828857422, 0.00000013136644838596, 0.99147659540176391602
2024-12-14 12:34:54, 0.67413, 0.47637489438056945801, 0.08355628699064254761, 0.00000047454213358833, 0.74423688650131225586
2024-12-14 12:34:55, 0.67433, 0.46461400389671325684, 0.09261096268892288208, 0.00001268917276320281, 0.70392078161239624023
2024-12-14 12:34:56, 0.67379, 0.47613829374313354492, 0.09309428930282592773, 0.00000000000012956114, 0.73050844669342041016
2024-12-14 12:35:08, 0.67869, 0.48595803976058959961, 0.07939049601554870605, 0.00000260530100604228, 0.77498161792755126953
2024-12-14 12:35:09, 0.67772, 0.48482954502105712891, 0.08263991028070449829, 0.00003937280052923597, 0.89455687999725341797
2024-12-14 12:35:09, 0.67709, 0.48079696297645568848, 0.08002313971519470215, 0.00000000204241201729, 0.72412896156311035156
2024-12-14 12:35:10, 0.67656, 0.47635984420776367188, 0.08264212310314178467, 0.00000000010728460481, 0.73809605836868286133
2024-12-14 12:35:11, 0.67690, 0.47958198189735412598, 0.08400944620370864868, 0.00021099728473927826, 0.86304593086242675781
2024-12-14 12:35:12, 0.67742, 0.45330497622489929199, 0.08527500927448272705, 0.00000000002563701682, 0.70956730842590332031
2024-12-14 12:35:13, 0.67591, 0.48671635985374450684, 0.08847761899232864380, 0.00000000013976733659, 0.72843700647354125977
2024-12-14 12:35:14, 0.67596, 0.46862450242042541504, 0.08698772639036178589, 0.00000000001248636004, 0.89480394124984741211
2024-12-14 12:35:15, 0.67568, 0.47631204128265380859, 0.08652903884649276733, 0.00000000282551804176, 0.77618855237960815430
2024-12-14 12:35:15, 0.67508, 0.47420305013656616211, 0.08565177023410797119, 0.00000000000003138892, 0.71278822422027587891
2024-12-14 12:36:46, 0.67833, 0.47281339764595031738, 0.08872615545988082886, 0.00000000625980867142, 1.00000000000000000000
2024-12-14 12:36:47, 0.67751, 0.47488009929656982422, 0.08194950968027114868, 0.00000000072737821322, 1.00000000000000000000
2024-12-14 12:36:48, 0.67495, 0.46945276856422424316, 0.08397926390171051025, 0.00000001830727036634, 0.99999880790710449219
2024-12-14 12:36:49, 0.67477, 0.48591437935829162598, 0.09153794497251510620, 0.00000000108086517514, 0.67078340053558349609
2024-12-14 12:36:50, 0.67415, 0.47508138418197631836, 0.09228713065385818481, 0.00000000000621335969, 0.91948479413986206055
2024-12-14 12:36:51, 0.67495, 0.47757014632225036621, 0.08632819354534149170, 0.00000000262549715302, 0.69887131452560424805
2024-12-14 12:36:51, 0.67331, 0.48338750004768371582, 0.08898662775754928589, 0.00000000024334118054, 0.84298443794250488281
2024-12-14 12:36:52, 0.67455, 0.47646534442901611328, 0.09068297594785690308, 0.00000000004276074980, 0.99127835035324096680
2024-12-14 12:36:53, 0.67305, 0.47996926307678222656, 0.08805473148822784424, 0.00000000000020429573, 0.65494829416275024414
2024-12-14 12:36:54, 0.67347, 0.46908298134803771973, 0.09046675264835357666, 0.00000000000005244957, 0.72883409261703491211
2024-12-14 12:37:07, 0.67639, 0.47921466827392578125, 0.08357712626457214355, 0.00123660755343735218, 0.81246840953826904297
2024-12-14 12:37:08, 0.67650, 0.48075670003890991211, 0.08396284282207489014, 0.00000000000000002019, 0.95877861976623535156
2024-12-14 12:37:08, 0.67737, 0.47596269845962524414, 0.08471623808145523071, 0.00000000000000000000, 0.74083203077316284180
2024-12-14 12:37:09, 0.67534, 0.48481580615043640137, 0.08628685027360916138, 0.00000060104326848887, 0.77682209014892578125
2024-12-14 12:37:10, 0.67428, 0.47925993800163269043, 0.08901609480381011963, 0.00000000000000000000, 0.77219957113265991211
2024-12-14 12:37:11, 0.67483, 0.46419528126716613770, 0.09113192558288574219, 0.00000000004110496318, 0.78546893596649169922
2024-12-14 12:37:12, 0.67443, 0.47085571289062500000, 0.08375278115272521973, 0.00000000000000000074, 0.81009107828140258789
2024-12-14 12:37:13, 0.67361, 0.47211283445358276367, 0.09202646464109420776, 0.00000000000644579312, 0.62290126085281372070
2024-12-14 12:37:13, 0.67354, 0.48250070214271545410, 0.09318666905164718628, 0.00000000000000000054, 0.78656345605850219727
2024-12-14 12:37:14, 0.67321, 0.47752654552459716797, 0.09351634979248046875, 0.00000000000000000000, 0.64394104480743408203
2024-12-14 12:37:35, 0.67670, 0.46806970238685607910, 0.08496271073818206787, 0.00000006283304543331, 0.94653695821762084961
2024-12-14 12:37:36, 0.67641, 0.47749879956245422363, 0.08080370724201202393, 0.00000000661508092747, 0.99996232986450195312
2024-12-14 12:37:36, 0.67572, 0.47936528921127319336, 0.08518754690885543823, 0.00000036745566944774, 0.75573509931564331055
2024-12-14 12:37:37, 0.67505, 0.48100227117538452148, 0.08817540109157562256, 0.00000000071495487308, 0.74849408864974975586
2024-12-14 12:37:38, 0.67481, 0.47004505991935729980, 0.08634356409311294556, 0.00000050903946657854, 0.92933666706085205078
2024-12-14 12:37:39, 0.67419, 0.48115459084510803223, 0.08738681674003601074, 0.00000038261669033091, 0.75462710857391357422
2024-12-14 12:37:40, 0.67388, 0.46661105751991271973, 0.09377038478851318359, 0.00000034936863357871, 0.72201830148696899414
2024-12-14 12:37:41, 0.67321, 0.47313040494918823242, 0.08945032954216003418, 0.00000013689277977846, 0.72568947076797485352
2024-12-14 12:37:42, 0.67584, 0.48428362607955932617, 0.08709701150655746460, 0.00000000000000000000, 0.75449478626251220703
2024-12-14 12:37:42, 0.67288, 0.47706529498100280762, 0.09301111102104187012, 0.00000000000000000000, 0.75010091066360473633
2024-12-14 12:38:05, 0.67611, 0.47390782833099365234, 0.08265946805477142334, 0.00008960232662502676, 0.61472439765930175781
2024-12-14 12:38:06, 0.67605, 0.48441591858863830566, 0.08069823682308197021, 0.00007340378942899406, 0.71980494260787963867
2024-12-14 12:38:07, 0.67590, 0.48353964090347290039, 0.08601032197475433350, 0.00000000000000000003, 0.73167991638183593750
2024-12-14 12:38:09, 0.67519, 0.47285038232803344727, 0.08382107317447662354, 0.05604835227131843567, 0.84627449512481689453
2024-12-14 12:38:10, 0.67533, 0.47642210125923156738, 0.08855453133583068848, 0.03401020169258117676, 0.99978774785995483398
2024-12-14 12:38:11, 0.67450, 0.47032591700553894043, 0.08674651384353637695, 0.05136370658874511719, 0.68689894676208496094
2024-12-14 12:38:13, 0.67459, 0.46478006243705749512, 0.09349645674228668213, 0.03238313645124435425, 0.64278328418731689453
2024-12-14 12:38:14, 0.67416, 0.47507691383361816406, 0.09488245099782943726, 0.00791752152144908905, 0.91929519176483154297
2024-12-14 12:38:15, 0.67355, 0.47103601694107055664, 0.09153698384761810303, 0.04141716286540031433, 0.73993879556655883789
2024-12-14 12:38:17, 0.67276, 0.47736057639122009277, 0.09485360234975814819, 0.01035309303551912308, 0.73419213294982910156
2024-12-14 12:38:37, 0.67646, 0.47347131371498107910, 0.08367685973644256592, 0.07498036324977874756, 0.99967801570892333984
2024-12-14 12:38:39, 0.67620, 0.48202326893806457520, 0.08293538540601730347, 0.06507021188735961914, 0.99222624301910400391
2024-12-14 12:38:40, 0.67557, 0.47240614891052246094, 0.09042694419622421265, 0.07254563271999359131, 0.91190600395202636719
2024-12-14 12:38:42, 0.67519, 0.48658525943756103516, 0.08443835377693176270, 0.07356739044189453125, 0.84230196475982666016
2024-12-14 12:38:43, 0.67426, 0.47752210497856140137, 0.08824434876441955566, 0.07893639057874679565, 0.81235259771347045898
2024-12-14 12:38:44, 0.67723, 0.46884143352508544922, 0.07990850508213043213, 0.09569622576236724854, 0.60792964696884155273
2024-12-14 12:38:46, 0.67491, 0.46989980340003967285, 0.08432533591985702515, 0.08209837973117828369, 0.78109341859817504883
2024-12-14 12:38:47, 0.67414, 0.47812306880950927734, 0.08664674311876296997, 0.05808774754405021667, 0.77656924724578857422
2024-12-14 12:38:48, 0.67391, 0.47261440753936767578, 0.09015610814094543457, 0.06863181293010711670, 0.75113058090209960938
2024-12-14 12:38:49, 0.67435, 0.46286669373512268066, 0.08991020917892456055, 0.05903313308954238892, 0.73691117763519287109
2024-12-14 12:39:10, 0.67590, 0.47414901852607727051, 0.08466269075870513916, 0.10851790755987167358, 0.74758368730545043945
2024-12-14 12:39:12, 0.67592, 0.48441392183303833008, 0.08393087983131408691, 0.04145391657948493958, 0.85323870182037353516
2024-12-14 12:39:13, 0.67580, 0.47943291068077087402, 0.08417154103517532349, 0.05496349185705184937, 0.58081001043319702148
2024-12-14 12:39:15, 0.67586, 0.47225520014762878418, 0.08371523022651672363, 0.08994732052087783813, 0.99999856948852539062
2024-12-14 12:39:16, 0.67572, 0.47794830799102783203, 0.08275094628334045410, 0.07471071928739547729, 0.57094538211822509766
2024-12-14 12:39:17, 0.67421, 0.48137181997299194336, 0.08774166554212570190, 0.08197677135467529297, 0.57322764396667480469
2024-12-14 12:39:19, 0.67387, 0.46974962949752807617, 0.08926049619913101196, 0.06315845251083374023, 0.57432764768600463867
2024-12-14 12:39:20, 0.67390, 0.46604633331298828125, 0.09249544143676757812, 0.05697126686573028564, 0.57636892795562744141
2024-12-14 12:39:21, 0.67435, 0.48217695951461791992, 0.09205232560634613037, 0.01994430087506771088, 0.62051063776016235352
2024-12-14 12:39:23, 0.67361, 0.47565045952796936035, 0.08901005983352661133, 0.06771850585937500000, 0.70011788606643676758
2024-12-14 12:39:43, 0.67779, 0.47259646654129028320, 0.08505070209503173828, 0.00000000052246895699, 0.64085775613784790039
2024-12-14 12:39:44, 0.67692, 0.47768166661262512207, 0.07953247427940368652, 0.09261821955442428589, 0.69487750530242919922
2024-12-14 12:39:45, 0.67713, 0.48387536406517028809, 0.08387057483196258545, 0.09189898520708084106, 0.71122276782989501953
2024-12-14 12:39:46, 0.67746, 0.48425912857055664062, 0.08370684832334518433, 0.07982557266950607300, 0.80613785982131958008
2024-12-14 12:39:47, 0.67739, 0.47726935148239135742, 0.08455349504947662354, 0.05828524380922317505, 0.79616963863372802734
2024-12-14 12:39:48, 0.67696, 0.46631756424903869629, 0.08326042443513870239, 0.05720053240656852722, 0.71541345119476318359
2024-12-14 12:39:49, 0.67749, 0.47231224179267883301, 0.08673018962144851685, 0.06361776590347290039, 0.68369221687316894531
2024-12-14 12:39:50, 0.67760, 0.47658643126487731934, 0.08677516132593154907, 0.05936002731323242188, 0.71726113557815551758
2024-12-14 12:39:51, 0.67728, 0.47756955027580261230, 0.08710633218288421631, 0.05174502730369567871, 0.71891057491302490234
2024-12-14 12:39:52, 0.67834, 0.47164818644523620605, 0.09095491468906402588, 0.05345912277698516846, 0.69486457109451293945
2024-12-14 12:40:12, 0.67582, 0.47575116157531738281, 0.07961208373308181763, 0.08341653645038604736, 0.74672973155975341797
2024-12-14 12:40:13, 0.67595, 0.47810524702072143555, 0.08197765797376632690, 0.06560965627431869507, 0.71686941385269165039
2024-12-14 12:40:14, 0.67625, 0.48340082168579101562, 0.08321933448314666748, 0.08678863197565078735, 0.57631331682205200195
2024-12-14 12:40:15, 0.67611, 0.47930502891540527344, 0.08370829373598098755, 0.07524598389863967896, 0.78232055902481079102
2024-12-14 12:40:16, 0.67647, 0.47453346848487854004, 0.08906780928373336792, 0.07292144745588302612, 0.57654738426208496094
2024-12-14 12:40:17, 0.67669, 0.48546695709228515625, 0.08801446855068206787, 0.01749320887029170990, 0.71768021583557128906
2024-12-14 12:40:18, 0.67700, 0.46808171272277832031, 0.08399540930986404419, 0.00268779369071125984, 0.65816283226013183594
2024-12-14 12:40:19, 0.67616, 0.47308894991874694824, 0.08877237141132354736, 0.05381693318486213684, 0.62641435861587524414
2024-12-14 12:40:20, 0.67639, 0.48372933268547058105, 0.08832164108753204346, 0.02719080075621604919, 0.69545328617095947266
2024-12-14 12:40:21, 0.67761, 0.47967725992202758789, 0.08558026701211929321, 0.00260447454638779163, 0.68799513578414916992
2024-12-14 12:40:51, 0.67817, 0.48186314105987548828, 0.08467762172222137451, 0.01624586619436740875, 0.68282794952392578125
2024-12-14 12:40:53, 0.67824, 0.48364701867103576660, 0.08221365511417388916, 0.02755510434508323669, 0.68241167068481445312
2024-12-14 12:40:55, 0.67849, 0.47916159033775329590, 0.08511576056480407715, 0.00022110795543994755, 0.69216763973236083984
2024-12-14 12:40:57, 0.67852, 0.47289925813674926758, 0.08579906821250915527, 0.00080343650188297033, 0.71442949771881103516
2024-12-14 12:40:58, 0.67871, 0.47023254632949829102, 0.08630935847759246826, 0.01994898915290832520, 0.70976108312606811523
2024-12-14 12:41:00, 0.67944, 0.48048824071884155273, 0.08664628118276596069, 0.00004942373197991401, 0.71183657646179199219
2024-12-14 12:41:02, 0.67902, 0.48643562197685241699, 0.08435679972171783447, 0.00008460465323878452, 0.71442753076553344727
2024-12-14 12:41:04, 0.67882, 0.47265258431434631348, 0.08291396498680114746, 0.00427311705425381660, 0.73107784986495971680
2024-12-14 12:41:06, 0.67966, 0.48466354608535766602, 0.08533099293708801270, 0.00000025233987344109, 0.76696413755416870117
2024-12-14 12:41:08, 0.67955, 0.47106415033340454102, 0.08955257385969161987, 0.05443290621042251587, 0.76381385326385498047
2024-12-14 12:42:08, 0.67695, 0.48176762461662292480, 0.07665278762578964233, 0.08630755543708801270, 0.92657893896102905273
2024-12-14 12:42:12, 0.67605, 0.48594462871551513672, 0.08198522776365280151, 0.05874007567763328552, 0.82085549831390380859
2024-12-14 12:42:17, 0.67659, 0.47511905431747436523, 0.08437254279851913452, 0.11529348045587539673, 0.93087881803512573242
2024-12-14 12:42:22, 0.67622, 0.46971300244331359863, 0.08517549932003021240, 0.08196893334388732910, 0.72323530912399291992
2024-12-14 12:42:27, 0.67697, 0.47508046030998229980, 0.07580716907978057861, 0.09839274734258651733, 0.66654801368713378906
2024-12-14 12:42:32, 0.67646, 0.47167730331420898438, 0.08031523227691650391, 0.07504565268754959106, 0.64046043157577514648
2024-12-14 12:42:36, 0.67610, 0.46692222356796264648, 0.08600335568189620972, 0.06079349294304847717, 0.78594702482223510742
2024-12-14 12:42:41, 0.67599, 0.47003528475761413574, 0.08253862708806991577, 0.04649123549461364746, 0.84075707197189331055
2024-12-14 12:42:46, 0.67649, 0.48119741678237915039, 0.09198229759931564331, 0.07482519745826721191, 0.89793986082077026367
2024-12-14 12:42:51, 0.67610, 0.48495620489120483398, 0.08804455399513244629, 0.04303991422057151794, 0.86252832412719726562
2024-12-14 12:44:43, 0.67734, 0.46846789121627807617, 0.08653351664543151855, 0.04189752042293548584, 0.88380473852157592773
2024-12-14 12:44:52, 0.67781, 0.47934064269065856934, 0.08204377442598342896, 0.04134010523557662964, 0.60525608062744140625
2024-12-14 12:45:02, 0.67654, 0.47843858599662780762, 0.08523458987474441528, 0.04231818392872810364, 0.73458945751190185547
2024-12-14 12:45:12, 0.67673, 0.47667327523231506348, 0.08547927439212799072, 0.04137824848294258118, 0.76090067625045776367
2024-12-14 12:45:22, 0.67744, 0.47377154231071472168, 0.08536602556705474854, 0.05588842183351516724, 0.57724821567535400391
2024-12-14 12:45:31, 0.67687, 0.47194579243659973145, 0.08380033820867538452, 0.04480785503983497620, 0.59383380413055419922
2024-12-14 12:45:41, 0.67672, 0.48096734285354614258, 0.08806367963552474976, 0.00284274620935320854, 0.73860073089599609375
2024-12-14 12:45:51, 0.67723, 0.47120371460914611816, 0.09033823758363723755, 0.03059722296893596649, 0.88462865352630615234
2024-12-14 12:46:01, 0.67727, 0.48249813914299011230, 0.09049616754055023193, 0.03662751242518424988, 0.70254778861999511719
2024-12-14 12:46:10, 0.67743, 0.46894329786300659180, 0.08803407102823257446, 0.05482830479741096497, 0.59346836805343627930
2024-12-14 13:27:34, 0.67710, 0.48196890950202941895, 0.07999060302972793579, 0.06171599403023719788, 0.59381592273712158203
2024-12-14 13:27:34, 0.67753, 0.48392713069915771484, 0.09036885946989059448, 0.06127626448869705200, 0.59396004676818847656
2024-12-14 13:27:34, 0.67842, 0.48681947588920593262, 0.09364055842161178589, 0.06158971413969993591, 0.59421437978744506836
2024-12-14 13:27:34, 0.67752, 0.48562908172607421875, 0.08615794032812118530, 0.06258355826139450073, 0.59443044662475585938
2024-12-14 13:27:34, 0.67764, 0.47282323241233825684, 0.09030202776193618774, 0.06276800483465194702, 0.59465932846069335938
2024-12-14 13:27:34, 0.67764, 0.49823850393295288086, 0.09209953248500823975, 0.06584087014198303223, 0.59524911642074584961
2024-12-14 13:27:35, 0.67879, 0.46075400710105895996, 0.09668841212987899780, 0.06454543769359588623, 0.59520071744918823242
2024-12-14 13:27:35, 0.67804, 0.48957622051239013672, 0.08837104588747024536, 0.00019147183047607541, 0.59585356712341308594
2024-12-14 13:27:35, 0.67849, 0.49386808276176452637, 0.08790265023708343506, 0.00395273882895708084, 0.59623050689697265625
2024-12-14 13:27:35, 0.67901, 0.46305301785469055176, 0.09219580888748168945, 0.00000000000003661752, 0.59626841545104980469
2024-12-14 13:27:47, 0.67601, 0.47054952383041381836, 0.08130620419979095459, 0.06820423156023025513, 0.59633892774581909180
2024-12-14 13:27:47, 0.67616, 0.47496485710144042969, 0.08441483229398727417, 0.09613195806741714478, 0.59657835960388183594
2024-12-14 13:27:47, 0.67820, 0.49046832323074340820, 0.09597586840391159058, 0.04634027928113937378, 0.59678208827972412109
2024-12-14 13:27:47, 0.67743, 0.46361887454986572266, 0.09149914234876632690, 0.03377395495772361755, 0.59641975164413452148
2024-12-14 13:27:47, 0.67694, 0.48747035861015319824, 0.08763964474201202393, 0.05534691736102104187, 0.60918509960174560547
2024-12-14 13:27:47, 0.67696, 0.46703371405601501465, 0.09460181742906570435, 0.01998933218419551849, 0.59685224294662475586
2024-12-14 13:27:48, 0.67715, 0.48448798060417175293, 0.09481310844421386719, 0.07497438788414001465, 0.59723800420761108398
2024-12-14 13:27:48, 0.67896, 0.47034558653831481934, 0.10077884793281555176, 0.02686311118304729462, 0.59731739759445190430
2024-12-14 13:27:48, 0.67677, 0.47397029399871826172, 0.09630199521780014038, 0.01230313815176486969, 0.59753733873367309570
2024-12-14 13:27:48, 0.67672, 0.47859913110733032227, 0.09781095385551452637, 0.02000396698713302612, 0.59768778085708618164
